Started GET "/" for ::1 at 2024-06-22 15:51:29 -0300
  [1m[35m (2.2ms)[0m  [1m[35mCREATE TABLE "schema_migrations" ("version" varchar NOT NULL PRIMARY KEY)[0m
  [1m[35m (0.4ms)[0m  [1m[35mCREATE TABLE "ar_internal_metadata" ("key" varchar NOT NULL PRIMARY KEY, "value" varchar, "created_at" datetime(6) NOT NULL, "updated_at" datetime(6) NOT NULL)[0m
  [1m[36mActiveRecord::SchemaMigration Load (0.1ms)[0m  [1m[34mSELECT "schema_migrations"."version" FROM "schema_migrations" ORDER BY "schema_migrations"."version" ASC[0m
Processing by HomeController#index as HTML
  Rendering layout layouts/application.html.erb
  Rendering home/index.html.erb within layouts/application
  Rendered home/index.html.erb within layouts/application (Duration: 0.3ms | Allocations: 127)
  Rendered layout layouts/application.html.erb (Duration: 227.3ms | Allocations: 148018)
Completed 200 OK in 238ms (Views: 231.0ms | ActiveRecord: 0.0ms | Allocations: 156824)


Started GET "/" for ::1 at 2024-06-22 15:52:48 -0300
Processing by HomeController#index as HTML
  Rendering layout layouts/application.html.erb
  Rendering home/index.html.erb within layouts/application
  Rendered home/index.html.erb within layouts/application (Duration: 0.2ms | Allocations: 113)
  Rendered layout layouts/application.html.erb (Duration: 17.9ms | Allocations: 27934)
Completed 200 OK in 19ms (Views: 18.8ms | ActiveRecord: 0.0ms | Allocations: 28893)


Started GET "/" for ::1 at 2024-06-22 15:52:50 -0300
Processing by HomeController#index as HTML
  Rendering layout layouts/application.html.erb
  Rendering home/index.html.erb within layouts/application
  Rendered home/index.html.erb within layouts/application (Duration: 0.0ms | Allocations: 7)
  Rendered layout layouts/application.html.erb (Duration: 4.1ms | Allocations: 5575)
Completed 200 OK in 5ms (Views: 4.4ms | ActiveRecord: 0.0ms | Allocations: 5805)


Started GET "/" for ::1 at 2024-06-22 15:53:33 -0300
Processing by HomeController#index as HTML
  Rendering layout layouts/application.html.erb
  Rendering home/index.html.erb within layouts/application
  Rendered home/index.html.erb within layouts/application (Duration: 0.2ms | Allocations: 107)
  Rendered layouts/_banner.html.erb (Duration: 0.2ms | Allocations: 132)
  Rendered layout layouts/application.html.erb (Duration: 15.0ms | Allocations: 26403)
Completed 500 Internal Server Error in 16ms (ActiveRecord: 0.0ms | Allocations: 27355)


  
ActionView::Template::Error (Missing partial layouts/_about with {:locale=>[:en], :formats=>[:html], :variants=>[], :handlers=>[:raw, :erb, :html, :builder, :ruby, :jbuilder]}.

Searched in:
  * "/home/vitoria/Desktop/calvitoria/rails-portfolio/app/views"
  * "/home/vitoria/.rvm/gems/ruby-2.7.8/gems/turbo-rails-2.0.5/app/views"
  * "/home/vitoria/.rvm/gems/ruby-2.7.8/gems/actiontext-7.1.3.4/app/views"
  * "/home/vitoria/.rvm/gems/ruby-2.7.8/gems/actionmailbox-7.1.3.4/app/views"

Did you mean?  layouts/banner
               layouts/action_text/contents/content
               active_storage/blobs/blob
               action_text/contents/content
               action_text/attachables/remote_image
               action_text/attachables/missing_attachable):
    14:   <body class="">
    15:     <main class="container w-default">
    16:       <%= render 'layouts/banner' %>
    17:       <%= render 'layouts/about' %>
    18:       <%= render 'layouts/tabs' %>
    19:       <%= yield %>
    20:     </main>
  
app/views/layouts/application.html.erb:17
Started GET "/" for ::1 at 2024-06-22 15:53:40 -0300
Processing by HomeController#index as HTML
  Rendering layout layouts/application.html.erb
  Rendering home/index.html.erb within layouts/application
  Rendered home/index.html.erb within layouts/application (Duration: 0.2ms | Allocations: 107)
  Rendered layouts/_banner.html.erb (Duration: 0.2ms | Allocations: 130)
  Rendered layout layouts/application.html.erb (Duration: 13.7ms | Allocations: 23510)
Completed 200 OK in 15ms (Views: 14.5ms | ActiveRecord: 0.0ms | Allocations: 24464)


Started GET "/" for ::1 at 2024-06-22 15:53:52 -0300
Processing by HomeController#index as HTML
  Rendering layout layouts/application.html.erb
  Rendering home/index.html.erb within layouts/application
  Rendered home/index.html.erb within layouts/application (Duration: 0.3ms | Allocations: 109)
  Rendered layouts/_banner.html.erb (Duration: 0.2ms | Allocations: 130)
  Rendered layout layouts/application.html.erb (Duration: 15.5ms | Allocations: 24682)
Completed 200 OK in 17ms (Views: 16.2ms | ActiveRecord: 0.0ms | Allocations: 25638)


Started GET "/" for ::1 at 2024-06-22 15:54:42 -0300
Processing by HomeController#index as HTML
  Rendering layout layouts/application.html.erb
  Rendering home/index.html.erb within layouts/application
  Rendered home/index.html.erb within layouts/application (Duration: 0.0ms | Allocations: 7)
  Rendered layouts/_banner.html.erb (Duration: 0.0ms | Allocations: 9)
  Rendered layout layouts/application.html.erb (Duration: 6.6ms | Allocations: 6799)
Completed 200 OK in 7ms (Views: 7.0ms | ActiveRecord: 0.0ms | Allocations: 7025)


Started GET "/" for ::1 at 2024-06-22 15:55:15 -0300
Processing by HomeController#index as HTML
  Rendering layout layouts/application.html.erb
  Rendering home/index.html.erb within layouts/application
  Rendered home/index.html.erb within layouts/application (Duration: 0.3ms | Allocations: 95)
  Rendered layouts/_banner.html.erb (Duration: 0.2ms | Allocations: 130)
  Rendered layout layouts/application.html.erb (Duration: 12.7ms | Allocations: 23386)
Completed 200 OK in 14ms (Views: 13.4ms | ActiveRecord: 0.0ms | Allocations: 24339)


Started GET "/" for ::1 at 2024-06-22 16:02:11 -0300
Processing by HomeController#index as HTML
  Rendering layout layouts/application.html.erb
  Rendering home/index.html.erb within layouts/application
  Rendered home/index.html.erb within layouts/application (Duration: 0.2ms | Allocations: 95)
  Rendered layouts/_banner.html.erb (Duration: 0.2ms | Allocations: 130)
  Rendered layout layouts/application.html.erb (Duration: 18.3ms | Allocations: 28496)
Completed 200 OK in 20ms (Views: 19.1ms | ActiveRecord: 0.0ms | Allocations: 29449)


Started GET "/" for ::1 at 2024-06-22 16:03:24 -0300
Processing by HomeController#index as HTML
  Rendering layout layouts/application.html.erb
  Rendering home/index.html.erb within layouts/application
  Rendered home/index.html.erb within layouts/application (Duration: 0.3ms | Allocations: 95)
  Rendered layouts/_banner.html.erb (Duration: 0.3ms | Allocations: 130)
  Rendered layout layouts/application.html.erb (Duration: 18.0ms | Allocations: 28151)
Completed 200 OK in 20ms (Views: 18.9ms | ActiveRecord: 0.0ms | Allocations: 29107)


Started GET "/" for ::1 at 2024-06-22 16:03:25 -0300
Processing by HomeController#index as HTML
  Rendering layout layouts/application.html.erb
  Rendering home/index.html.erb within layouts/application
  Rendered home/index.html.erb within layouts/application (Duration: 0.0ms | Allocations: 6)
  Rendered layouts/_banner.html.erb (Duration: 0.0ms | Allocations: 9)
  Rendered layout layouts/application.html.erb (Duration: 4.9ms | Allocations: 5659)
Completed 200 OK in 5ms (Views: 5.2ms | ActiveRecord: 0.0ms | Allocations: 5886)


Started GET "/" for ::1 at 2024-06-22 16:03:39 -0300
Processing by HomeController#index as HTML
  Rendering layout layouts/application.html.erb
  Rendering home/index.html.erb within layouts/application
  Rendered home/index.html.erb within layouts/application (Duration: 0.2ms | Allocations: 99)
  Rendered layouts/_banner.html.erb (Duration: 0.3ms | Allocations: 130)
  Rendered layout layouts/application.html.erb (Duration: 12.9ms | Allocations: 23505)
Completed 200 OK in 14ms (Views: 13.7ms | ActiveRecord: 0.0ms | Allocations: 24462)


Started GET "/" for ::1 at 2024-06-22 16:04:47 -0300
Processing by HomeController#index as HTML
  Rendering layout layouts/application.html.erb
  Rendering home/index.html.erb within layouts/application
  Rendered home/index.html.erb within layouts/application (Duration: 0.2ms | Allocations: 95)
  Rendered layouts/_banner.html.erb (Duration: 0.2ms | Allocations: 130)
  Rendered layouts/_about.html.erb (Duration: 0.3ms | Allocations: 192)
  Rendered layout layouts/application.html.erb (Duration: 15.2ms | Allocations: 24879)
Completed 200 OK in 17ms (Views: 16.0ms | ActiveRecord: 0.0ms | Allocations: 25832)


Started GET "/" for ::1 at 2024-06-22 16:05:14 -0300
Processing by HomeController#index as HTML
  Rendering layout layouts/application.html.erb
  Rendering home/index.html.erb within layouts/application
  Rendered home/index.html.erb within layouts/application (Duration: 0.3ms | Allocations: 95)
  Rendered layouts/_banner.html.erb (Duration: 0.3ms | Allocations: 130)
  Rendered layouts/_about.html.erb (Duration: 0.2ms | Allocations: 186)
  Rendered layout layouts/application.html.erb (Duration: 12.9ms | Allocations: 23708)
Completed 200 OK in 14ms (Views: 13.8ms | ActiveRecord: 0.0ms | Allocations: 24661)


Started GET "/" for ::1 at 2024-06-22 16:06:43 -0300
Processing by HomeController#index as HTML
  Rendering layout layouts/application.html.erb
  Rendering home/index.html.erb within layouts/application
  Rendered home/index.html.erb within layouts/application (Duration: 0.1ms | Allocations: 6)
  Rendered layouts/_banner.html.erb (Duration: 0.0ms | Allocations: 9)
  Rendered layouts/_about.html.erb (Duration: 0.0ms | Allocations: 8)
  Rendered layout layouts/application.html.erb (Duration: 4.5ms | Allocations: 5709)
Completed 200 OK in 5ms (Views: 5.0ms | ActiveRecord: 0.0ms | Allocations: 5935)


Started GET "/" for ::1 at 2024-06-22 16:07:14 -0300
Processing by HomeController#index as HTML
  Rendering layout layouts/application.html.erb
  Rendering home/index.html.erb within layouts/application
  Rendered home/index.html.erb within layouts/application (Duration: 0.3ms | Allocations: 95)
  Rendered layouts/_banner.html.erb (Duration: 0.3ms | Allocations: 130)
  Rendered layouts/_about.html.erb (Duration: 0.2ms | Allocations: 186)
  Rendered layout layouts/application.html.erb (Duration: 13.0ms | Allocations: 23726)
Completed 200 OK in 15ms (Views: 13.9ms | ActiveRecord: 0.0ms | Allocations: 24687)


Started GET "/" for ::1 at 2024-06-22 16:07:15 -0300
Processing by HomeController#index as HTML
  Rendering layout layouts/application.html.erb
  Rendering home/index.html.erb within layouts/application
  Rendered home/index.html.erb within layouts/application (Duration: 0.0ms | Allocations: 6)
  Rendered layouts/_banner.html.erb (Duration: 0.0ms | Allocations: 9)
  Rendered layouts/_about.html.erb (Duration: 0.0ms | Allocations: 8)
  Rendered layout layouts/application.html.erb (Duration: 4.4ms | Allocations: 5709)
Completed 200 OK in 5ms (Views: 4.7ms | ActiveRecord: 0.0ms | Allocations: 5935)


Started GET "/" for ::1 at 2024-06-22 17:21:50 -0300
Processing by HomeController#index as HTML
  Rendering layout layouts/application.html.erb
  Rendering home/index.html.erb within layouts/application
  Rendered home/index.html.erb within layouts/application (Duration: 0.3ms | Allocations: 99)
  Rendered layouts/_banner.html.erb (Duration: 0.3ms | Allocations: 130)
  Rendered layouts/_about.html.erb (Duration: 0.2ms | Allocations: 186)
  Rendered layout layouts/application.html.erb (Duration: 12.3ms | Allocations: 23833)
Completed 200 OK in 14ms (Views: 13.1ms | ActiveRecord: 0.0ms | Allocations: 24790)


Started GET "/" for ::1 at 2024-06-22 17:22:46 -0300
Processing by HomeController#index as HTML
  Rendering layout layouts/application.html.erb
  Rendering home/index.html.erb within layouts/application
  Rendered home/index.html.erb within layouts/application (Duration: 0.2ms | Allocations: 95)
  Rendered layouts/_banner.html.erb (Duration: 0.4ms | Allocations: 131)
  Rendered layouts/_about.html.erb (Duration: 0.3ms | Allocations: 186)
  Rendered layout layouts/application.html.erb (Duration: 15.6ms | Allocations: 24879)
Completed 200 OK in 17ms (Views: 16.6ms | ActiveRecord: 0.0ms | Allocations: 25832)


Started GET "/" for ::1 at 2024-06-22 17:22:48 -0300
Processing by HomeController#index as HTML
  Rendering layout layouts/application.html.erb
  Rendering home/index.html.erb within layouts/application
  Rendered home/index.html.erb within layouts/application (Duration: 0.0ms | Allocations: 6)
  Rendered layouts/_banner.html.erb (Duration: 0.0ms | Allocations: 9)
  Rendered layouts/_about.html.erb (Duration: 0.0ms | Allocations: 8)
  Rendered layout layouts/application.html.erb (Duration: 4.2ms | Allocations: 5703)
Completed 200 OK in 5ms (Views: 4.5ms | ActiveRecord: 0.0ms | Allocations: 5929)


Started GET "/" for ::1 at 2024-06-22 17:22:53 -0300
Processing by HomeController#index as HTML
  Rendering layout layouts/application.html.erb
  Rendering home/index.html.erb within layouts/application
  Rendered home/index.html.erb within layouts/application (Duration: 0.3ms | Allocations: 95)
  Rendered layouts/_banner.html.erb (Duration: 0.4ms | Allocations: 130)
  Rendered layouts/_about.html.erb (Duration: 0.3ms | Allocations: 186)
  Rendered layout layouts/application.html.erb (Duration: 14.6ms | Allocations: 23703)
Completed 200 OK in 16ms (Views: 15.6ms | ActiveRecord: 0.0ms | Allocations: 24656)


Started GET "/" for ::1 at 2024-06-22 17:25:35 -0300
Processing by HomeController#index as HTML
  Rendering layout layouts/application.html.erb
  Rendering home/index.html.erb within layouts/application
  Rendered home/index.html.erb within layouts/application (Duration: 0.3ms | Allocations: 95)
  Rendered layouts/_banner.html.erb (Duration: 0.2ms | Allocations: 132)
  Rendered layouts/_about.html.erb (Duration: 0.2ms | Allocations: 186)
  Rendered layout layouts/application.html.erb (Duration: 20.1ms | Allocations: 25531)
Completed 200 OK in 22ms (Views: 21.1ms | ActiveRecord: 0.0ms | Allocations: 26488)


Started GET "/" for ::1 at 2024-06-22 17:25:44 -0300
Processing by HomeController#index as HTML
  Rendering layout layouts/application.html.erb
  Rendering home/index.html.erb within layouts/application
  Rendered home/index.html.erb within layouts/application (Duration: 0.3ms | Allocations: 95)
  Rendered layouts/_banner.html.erb (Duration: 0.2ms | Allocations: 130)
  Rendered layouts/_about.html.erb (Duration: 0.2ms | Allocations: 186)
  Rendered layout layouts/application.html.erb (Duration: 12.6ms | Allocations: 23813)
Completed 200 OK in 14ms (Views: 13.3ms | ActiveRecord: 0.0ms | Allocations: 24770)


Started GET "/" for ::1 at 2024-06-22 17:25:51 -0300
Processing by HomeController#index as HTML
  Rendering layout layouts/application.html.erb
  Rendering home/index.html.erb within layouts/application
  Rendered home/index.html.erb within layouts/application (Duration: 0.2ms | Allocations: 95)
  Rendered layouts/_banner.html.erb (Duration: 0.2ms | Allocations: 130)
  Rendered layouts/_about.html.erb (Duration: 0.3ms | Allocations: 186)
  Rendered layout layouts/application.html.erb (Duration: 13.5ms | Allocations: 23716)
Completed 200 OK in 15ms (Views: 14.3ms | ActiveRecord: 0.0ms | Allocations: 24669)


Started GET "/" for ::1 at 2024-06-22 17:26:00 -0300
Processing by HomeController#index as HTML
  Rendering layout layouts/application.html.erb
  Rendering home/index.html.erb within layouts/application
  Rendered home/index.html.erb within layouts/application (Duration: 0.2ms | Allocations: 95)
  Rendered layouts/_banner.html.erb (Duration: 0.2ms | Allocations: 130)
  Rendered layouts/_about.html.erb (Duration: 0.2ms | Allocations: 186)
  Rendered layout layouts/application.html.erb (Duration: 12.9ms | Allocations: 23706)
Completed 200 OK in 14ms (Views: 13.7ms | ActiveRecord: 0.0ms | Allocations: 24659)


Started GET "/" for ::1 at 2024-06-22 17:26:24 -0300
Processing by HomeController#index as HTML
  Rendering layout layouts/application.html.erb
  Rendering home/index.html.erb within layouts/application
  Rendered home/index.html.erb within layouts/application (Duration: 0.3ms | Allocations: 95)
  Rendered layouts/_banner.html.erb (Duration: 0.3ms | Allocations: 134)
  Rendered layouts/_about.html.erb (Duration: 0.2ms | Allocations: 186)
  Rendered layout layouts/application.html.erb (Duration: 16.0ms | Allocations: 23833)
Completed 200 OK in 17ms (Views: 16.9ms | ActiveRecord: 0.0ms | Allocations: 24790)


Started GET "/" for ::1 at 2024-06-22 17:26:39 -0300
Processing by HomeController#index as HTML
  Rendering layout layouts/application.html.erb
  Rendering home/index.html.erb within layouts/application
  Rendered home/index.html.erb within layouts/application (Duration: 0.2ms | Allocations: 95)
  Rendered layouts/_banner.html.erb (Duration: 0.2ms | Allocations: 130)
  Rendered layouts/_about.html.erb (Duration: 0.2ms | Allocations: 186)
  Rendered layout layouts/application.html.erb (Duration: 13.4ms | Allocations: 23806)
Completed 200 OK in 15ms (Views: 14.2ms | ActiveRecord: 0.0ms | Allocations: 24763)


Started GET "/" for ::1 at 2024-06-22 17:26:50 -0300
Processing by HomeController#index as HTML
  Rendering layout layouts/application.html.erb
  Rendering home/index.html.erb within layouts/application
  Rendered home/index.html.erb within layouts/application (Duration: 0.2ms | Allocations: 95)
  Rendered layouts/_banner.html.erb (Duration: 0.3ms | Allocations: 130)
  Rendered layouts/_about.html.erb (Duration: 0.2ms | Allocations: 186)
  Rendered layout layouts/application.html.erb (Duration: 13.6ms | Allocations: 23709)
Completed 200 OK in 15ms (Views: 14.6ms | ActiveRecord: 0.0ms | Allocations: 24662)


Started GET "/" for ::1 at 2024-06-22 17:27:01 -0300
Processing by HomeController#index as HTML
  Rendering layout layouts/application.html.erb
  Rendering home/index.html.erb within layouts/application
  Rendered home/index.html.erb within layouts/application (Duration: 0.3ms | Allocations: 95)
  Rendered layouts/_banner.html.erb (Duration: 0.3ms | Allocations: 130)
  Rendered layouts/_about.html.erb (Duration: 0.2ms | Allocations: 186)
  Rendered layout layouts/application.html.erb (Duration: 13.2ms | Allocations: 23707)
Completed 200 OK in 14ms (Views: 14.0ms | ActiveRecord: 0.0ms | Allocations: 24660)


Started GET "/" for ::1 at 2024-06-22 17:31:18 -0300
Processing by HomeController#index as HTML
  Rendering layout layouts/application.html.erb
  Rendering home/index.html.erb within layouts/application
  Rendered home/index.html.erb within layouts/application (Duration: 0.3ms | Allocations: 95)
  Rendered layouts/_banner.html.erb (Duration: 0.3ms | Allocations: 134)
  Rendered layouts/_about.html.erb (Duration: 0.2ms | Allocations: 186)
  Rendered layouts/_tabs.html.erb (Duration: 0.2ms | Allocations: 267)
  Rendered layout layouts/application.html.erb (Duration: 20.6ms | Allocations: 25401)
Completed 200 OK in 22ms (Views: 21.9ms | ActiveRecord: 0.0ms | Allocations: 26359)


